<?xml version="1.0" encoding="UTF-8"?>
<testsuite xmlns:xsi="http://www.w3.org/2001/XMLSchema-instance" xsi:noNamespaceSchemaLocation="https://maven.apache.org/surefire/maven-surefire-plugin/xsd/surefire-test-report.xsd" name="testrunners.MyTestRunner" time="31.131" tests="7" errors="0" skipped="0" failures="1">
  <properties>
[...]
</properties>
  <testcase name="Backend Task1 - PriceConversion #1" classname="Feature file for backend tests" time="5.649"/>
  <testcase name="Backend Task1 - PriceConversion #2" classname="Feature file for backend tests" time="3.099"/>
  <testcase name="Backend Task1 - PriceConversion #3" classname="Feature file for backend tests" time="2.291"/>
  <testcase name="Backend Task2 - Tech doc verification" classname="Feature file for backend tests" time="0.425">
    <failure message="1 expectation failed.&#10;JSON path data.1027.tags doesn&apos;t match.&#10;Expected: a collection containing &quot;mineable&quot;&#10;  Actual: &lt;[pos, smart-contracts, ethereum-ecosystem, coinbase-ventures-portfolio, three-arrows-capital-portfolio, polychain-capital-portfolio, binance-labs-portfolio, blockchain-capital-portfolio, boostvc-portfolio, cms-holdings-portfolio, dcg-portfolio, dragonfly-capital-portfolio, electric-capital-portfolio, fabric-ventures-portfolio, framework-ventures-portfolio, hashkey-capital-portfolio, kenetic-capital-portfolio, huobi-capital-portfolio, alameda-research-portfolio, a16z-portfolio, 1confirmation-portfolio, winklevoss-capital-portfolio, usv-portfolio, placeholder-ventures-portfolio, pantera-capital-portfolio, multicoin-capital-portfolio, paradigm-portfolio, injective-ecosystem]&gt;&#10;" type="java.lang.AssertionError"><![CDATA[java.lang.AssertionError: 
1 expectation failed.
JSON path data.1027.tags doesn't match.
Expected: a collection containing "mineable"
  Actual: <[pos, smart-contracts, ethereum-ecosystem, coinbase-ventures-portfolio, three-arrows-capital-portfolio, polychain-capital-portfolio, binance-labs-portfolio, blockchain-capital-portfolio, boostvc-portfolio, cms-holdings-portfolio, dcg-portfolio, dragonfly-capital-portfolio, electric-capital-portfolio, fabric-ventures-portfolio, framework-ventures-portfolio, hashkey-capital-portfolio, kenetic-capital-portfolio, huobi-capital-portfolio, alameda-research-portfolio, a16z-portfolio, 1confirmation-portfolio, winklevoss-capital-portfolio, usv-portfolio, placeholder-ventures-portfolio, pantera-capital-portfolio, multicoin-capital-portfolio, paradigm-portfolio, injective-ecosystem]>

]]></failure>
    <system-out><![CDATA[
@BackendTests
Scenario: Backend Task2 - Tech doc verification                                         &amp#27;[90m# src/test/resources/appfeatures/APITests.feature:15&amp#27;[0m
  &amp#27;[32mGiven &amp#27;[0m&amp#27;[32mRetrieve the Ethereum technical documentation from the cryptocurrency/info call&amp#27;[0m &amp#27;[90m# stepdefinitions.apiTests.TechDocTest.retrieve_the_ethereum_technical_documentation_from_the_cryptocurrency_info_call()&amp#27;[0m
  &amp#27;[32mThen &amp#27;[0m&amp#27;[32mConfirm that the logo URL is present&amp#27;[0m                                             &amp#27;[90m# stepdefinitions.apiTests.TechDocTest.confirm_that_the_logo_url_is_present()&amp#27;[0m
  &amp#27;[32mAnd &amp#27;[0m&amp#27;[32mConfirm that the technical_doc Url is present&amp#27;[0m                                     &amp#27;[90m# stepdefinitions.apiTests.TechDocTest.confirm_that_the_technical_doc_url_is_present()&amp#27;[0m
  &amp#27;[32mAnd &amp#27;[0m&amp#27;[32mConfirm that the symbol of the currency is ETH&amp#27;[0m                                    &amp#27;[90m# stepdefinitions.apiTests.TechDocTest.confirm_that_the_symbol_of_the_currency_is_eth()&amp#27;[0m
  &amp#27;[32mAnd &amp#27;[0m&amp#27;[32mConfirm that the date added is as expected&amp#27;[0m                                        &amp#27;[90m# stepdefinitions.apiTests.TechDocTest.confirm_that_the_date_added_is_as_expected()&amp#27;[0m
  &amp#27;[31mAnd &amp#27;[0m&amp#27;[31mConfirm that the currency has the mineable tag associate with it&amp#27;[0m                  &amp#27;[90m# stepdefinitions.apiTests.TechDocTest.confirm_that_the_currency_has_the_mineable_tag_associate_with_it()&amp#27;[0m
      &amp#27;[31mjava.lang.AssertionError: 1 expectation failed.
JSON path data.1027.tags doesn't match.
Expected: a collection containing "mineable"
  Actual: <[pos, smart-contracts, ethereum-ecosystem, coinbase-ventures-portfolio, three-arrows-capital-portfolio, polychain-capital-portfolio, binance-labs-portfolio, blockchain-capital-portfolio, boostvc-portfolio, cms-holdings-portfolio, dcg-portfolio, dragonfly-capital-portfolio, electric-capital-portfolio, fabric-ventures-portfolio, framework-ventures-portfolio, hashkey-capital-portfolio, kenetic-capital-portfolio, huobi-capital-portfolio, alameda-research-portfolio, a16z-portfolio, 1confirmation-portfolio, winklevoss-capital-portfolio, usv-portfolio, placeholder-ventures-portfolio, pantera-capital-portfolio, multicoin-capital-portfolio, paradigm-portfolio, injective-ecosystem]>

	at java.base/jdk.internal.reflect.NativeConstructorAccessorImpl.newInstance0(Native Method)
	at java.base/jdk.internal.reflect.NativeConstructorAccessorImpl.newInstance(NativeConstructorAccessorImpl.java:77)
	at java.base/jdk.internal.reflect.DelegatingConstructorAccessorImpl.newInstance(DelegatingConstructorAccessorImpl.java:45)
	at java.base/java.lang.reflect.Constructor.newInstanceWithCaller(Constructor.java:499)
	at java.base/java.lang.reflect.Constructor.newInstance(Constructor.java:480)
	at org.codehaus.groovy.reflection.CachedConstructor.invoke(CachedConstructor.java:73)
	at org.codehaus.groovy.runtime.callsite.ConstructorSite$ConstructorSiteNoUnwrapNoCoerce.callConstructor(ConstructorSite.java:108)
	at org.codehaus.groovy.runtime.callsite.CallSiteArray.defaultCallConstructor(CallSiteArray.java:58)
	at org.codehaus.groovy.runtime.callsite.AbstractCallSite.callConstructor(AbstractCallSite.java:263)
	at org.codehaus.groovy.runtime.callsite.AbstractCallSite.callConstructor(AbstractCallSite.java:277)
	at io.restassured.internal.ResponseSpecificationImpl$HamcrestAssertionClosure.validate(ResponseSpecificationImpl.groovy:512)
	at io.restassured.internal.ResponseSpecificationImpl$HamcrestAssertionClosure$validate$1.call(Unknown Source)
	at io.restassured.internal.ResponseSpecificationImpl.validateResponseIfRequired(ResponseSpecificationImpl.groovy:696)
	at io.restassured.internal.ResponseSpecificationImpl.this$2$validateResponseIfRequired(ResponseSpecificationImpl.groovy)
	at java.base/jdk.internal.reflect.NativeMethodAccessorImpl.invoke0(Native Method)
	at java.base/jdk.internal.reflect.NativeMethodAccessorImpl.invoke(NativeMethodAccessorImpl.java:77)
	at java.base/jdk.internal.reflect.DelegatingMethodAccessorImpl.invoke(DelegatingMethodAccessorImpl.java:43)
	at java.base/java.lang.reflect.Method.invoke(Method.java:568)
	at org.codehaus.groovy.runtime.callsite.PlainObjectMetaMethodSite.doInvoke(PlainObjectMetaMethodSite.java:43)
	at org.codehaus.groovy.runtime.callsite.PogoMetaMethodSite$PogoCachedMethodSiteNoUnwrapNoCoerce.invoke(PogoMetaMethodSite.java:198)
	at org.codehaus.groovy.runtime.callsite.PogoMetaMethodSite.callCurrent(PogoMetaMethodSite.java:62)
	at org.codehaus.groovy.runtime.callsite.AbstractCallSite.callCurrent(AbstractCallSite.java:185)
	at io.restassured.internal.ResponseSpecificationImpl.body(ResponseSpecificationImpl.groovy:270)
	at io.restassured.specification.ResponseSpecification$body$0.callCurrent(Unknown Source)
	at org.codehaus.groovy.runtime.callsite.CallSiteArray.defaultCallCurrent(CallSiteArray.java:50)
	at io.restassured.specification.ResponseSpecification$body$0.callCurrent(Unknown Source)
	at io.restassured.internal.ResponseSpecificationImpl.body(ResponseSpecificationImpl.groovy:117)
	at io.restassured.internal.ValidatableResponseOptionsImpl.body(ValidatableResponseOptionsImpl.java:244)
	at stepdefinitions.apiTests.TechDocTest.confirm_that_the_currency_has_the_mineable_tag_associate_with_it(TechDocTest.java:41)
	at ✽.Confirm that the currency has the mineable tag associate with it(file:///Users/macpro/Documents/Work/WorkSpace/Assignment/aks/src/test/resources/appfeatures/APITests.feature:21)
&amp#27;[0m
]]></system-out>
  </testcase>
  <testcase name="Backend Task3 - Tag verification" classname="Feature file for backend tests" time="1.366"/>
  <testcase name="Frontend Task1 - Verify the rows count filter" classname="Filters feature on home page" time="6.513"/>
  <testcase name="Frontend Task2 - Verify the Market Cap and Price filters" classname="Filters feature on home page" time="8.775"/>
</testsuite>